<?xml version="1.0" encoding="UTF-8"?>
<!-- Generated by org.testng.reporters.JUnitReportReporter -->
<testsuite skipped="0" hostname="EPBYMINW3264" name="tests.VerifyHeaderButtonsAreClickable" tests="9" failures="0" timestamp="18 May 2020 13:20:04 GMT" time="73.775" errors="0">
  <testcase name="testWarrantyPageIsDisplayed" time="5.927" classname="tests.VerifyHeaderButtonsAreClickable"/>
  <testcase name="testLoginWindowIsDisplayed" time="4.854" classname="tests.VerifyHeaderButtonsAreClickable"/>
  <testcase name="testDiscountSystemPageIsDisplayed" time="5.971" classname="tests.VerifyHeaderButtonsAreClickable"/>
  <testcase name="testWishListPageIsDisplayed" time="6.561" classname="tests.VerifyHeaderButtonsAreClickable"/>
  <testcase name="testBookmarksPageIsDisplayed" time="10.350" classname="tests.VerifyHeaderButtonsAreClickable"/>
  <testcase name="testComparasionListPageIsDisplayed" time="6.105" classname="tests.VerifyHeaderButtonsAreClickable"/>
  <testcase name="testPaymentPageIsDisplayed" time="5.418" classname="tests.VerifyHeaderButtonsAreClickable"/>
  <testcase name="testDeliveryPageIsDisplayed" time="5.776" classname="tests.VerifyHeaderButtonsAreClickable"/>
  <testcase name="testBasketPageIsDisplayed" time="22.813" classname="tests.VerifyHeaderButtonsAreClickable"/>
</testsuite> <!-- tests.VerifyHeaderButtonsAreClickable -->
