<?xml version="1.0" encoding="UTF-8"?>
<!-- Generated by org.testng.reporters.JUnitReportReporter -->
<testsuite skipped="0" hostname="EPBYMINW3264" name="tests.VerifyProductsCatalogOptions" tests="1" failures="0" timestamp="18 May 2020 13:20:04 GMT" time="59.722" errors="0">
  <testcase name="testChooseProductFromCatalog" time="59.722" classname="tests.VerifyProductsCatalogOptions"/>
</testsuite> <!-- tests.VerifyProductsCatalogOptions -->
